#
# A fatal error has been detected by the Java Runtime Environment:
#
#  Internal Error (generateOopMap.cpp:2165), pid=12080, tid=8928
#  fatal error: Illegal class file encountered. Try running with -Xverify:all in method start
#
# JRE version: Java(TM) SE Runtime Environment (17.0.8+9) (build 17.0.8+9-LTS-211)
# Java VM: Java HotSpot(TM) 64-Bit Server VM (17.0.8+9-LTS-211, mixed mode, sharing, tiered, compressed oops, compressed class ptrs, g1 gc, windows-amd64)
# No core dump will be written. Minidumps are not enabled by default on client versions of Windows
#
# If you would like to submit a bug report, please visit:
#   https://bugreport.java.com/bugreport/crash.jsp
#

---------------  S U M M A R Y ------------

Command Line: -XX:+ShowCodeDetailsInExceptionMessages -agentlib:jdwp=transport=dt_socket,suspend=y,address=localhost:55735 -javaagent:C:\Users\Usuario\eclipse\java-2023-06\eclipse\configuration\org.eclipse.osgi\248\0\.cp\lib\javaagent-shaded.jar -Dfile.encoding=UTF-8 --module-path=C:\Users\Usuario\Desktop\Proyecto programacion\simondiceV3\bin -Djdk.module.main=simondiceV3 simondiceV3/simondiceV3.Main

Host: Intel(R) Core(TM) i5-6300U CPU @ 2.40GHz, 4 cores, 15G,  Windows 10 , 64 bit Build 19041 (10.0.19041.3636)
Time: Mon Mar  4 17:34:33 2024 Hora estándar romance elapsed time: 295.106653 seconds (0d 0h 4m 55s)

---------------  T H R E A D  ---------------

Current thread (0x00000263c2e8df60):  VMThread "VM Thread" [stack: 0x000000e3fa800000,0x000000e3fa900000] [id=8928]

Stack: [0x000000e3fa800000,0x000000e3fa900000]
Native frames: (J=compiled Java code, j=interpreted, Vv=VM code, C=native code)
V  [jvm.dll+0x677d0a]
V  [jvm.dll+0x7d8c54]
V  [jvm.dll+0x7da3fe]
V  [jvm.dll+0x2459ab]
V  [jvm.dll+0x338664]
V  [jvm.dll+0x33532c]
V  [jvm.dll+0x33448d]
V  [jvm.dll+0x333791]
V  [jvm.dll+0x6663e3]
V  [jvm.dll+0x666103]
V  [jvm.dll+0x62be28]
V  [jvm.dll+0x7d0065]
V  [jvm.dll+0x527f92]
V  [jvm.dll+0x7df26b]
V  [jvm.dll+0x7dffa4]
V  [jvm.dll+0x7e04bd]
V  [jvm.dll+0x7e0894]
V  [jvm.dll+0x7e0960]
V  [jvm.dll+0x788bba]
V  [jvm.dll+0x676b35]
C  [ucrtbase.dll+0x21bb2]
C  [KERNEL32.DLL+0x17344]
C  [ntdll.dll+0x526b1]

VM_Operation (0x000000e3fb3ff700): get/set locals, mode: safepoint, requested by thread 0x0000026408238980


---------------  P R O C E S S  ---------------

Threads class SMR info:
_java_thread_list=0x00000264088a06c0, length=15, elements={
0x00000263a0c07f90, 0x00000263c2e95980, 0x00000263c2e96be0, 0x00000263c2ea6570,
0x00000263c2ea7030, 0x00000263c2eaa4b0, 0x00000263c2ead520, 0x00000263c2eae110,
0x00000263c2ec36c0, 0x00000263c2edd700, 0x00000264080e3390, 0x0000026408238980,
0x000002640827eb60, 0x000002640827f050, 0x00000264082f3c80
}

Java Threads: ( => current thread )
  0x00000263a0c07f90 JavaThread "main" [_thread_blocked, id=2328, stack(0x000000e3fa200000,0x000000e3fa300000)]
  0x00000263c2e95980 JavaThread "Reference Handler" daemon [_thread_blocked, id=13192, stack(0x000000e3fa900000,0x000000e3faa00000)]
  0x00000263c2e96be0 JavaThread "Finalizer" daemon [_thread_blocked, id=9960, stack(0x000000e3faa00000,0x000000e3fab00000)]
  0x00000263c2ea6570 JavaThread "Signal Dispatcher" daemon [_thread_blocked, id=7804, stack(0x000000e3fab00000,0x000000e3fac00000)]
  0x00000263c2ea7030 JavaThread "Attach Listener" daemon [_thread_blocked, id=7280, stack(0x000000e3fac00000,0x000000e3fad00000)]
  0x00000263c2eaa4b0 JavaThread "Service Thread" daemon [_thread_blocked, id=12084, stack(0x000000e3fad00000,0x000000e3fae00000)]
  0x00000263c2ead520 JavaThread "Monitor Deflation Thread" daemon [_thread_blocked, id=4020, stack(0x000000e3fae00000,0x000000e3faf00000)]
  0x00000263c2eae110 JavaThread "C2 CompilerThread0" daemon [_thread_blocked, id=12744, stack(0x000000e3faf00000,0x000000e3fb000000)]
  0x00000263c2ec36c0 JavaThread "C1 CompilerThread0" daemon [_thread_blocked, id=7740, stack(0x000000e3fb000000,0x000000e3fb100000)]
  0x00000263c2edd700 JavaThread "Sweeper thread" daemon [_thread_blocked, id=13164, stack(0x000000e3fb100000,0x000000e3fb200000)]
  0x00000264080e3390 JavaThread "Common-Cleaner" daemon [_thread_blocked, id=10108, stack(0x000000e3fb200000,0x000000e3fb300000)]
  0x0000026408238980 JavaThread "JDWP Transport Listener: dt_socket" daemon [_thread_blocked, id=3932, stack(0x000000e3fb300000,0x000000e3fb400000)]
  0x000002640827eb60 JavaThread "JDWP Event Helper Thread" daemon [_thread_blocked, id=3748, stack(0x000000e3fb400000,0x000000e3fb500000)]
  0x000002640827f050 JavaThread "JDWP Command Reader" daemon [_thread_in_native, id=8292, stack(0x000000e3fb500000,0x000000e3fb600000)]
  0x00000264082f3c80 JavaThread "Notification Thread" daemon [_thread_blocked, id=14072, stack(0x000000e3fb600000,0x000000e3fb700000)]

Other Threads:
=>0x00000263c2e8df60 VMThread "VM Thread" [stack: 0x000000e3fa800000,0x000000e3fa900000] [id=8928]
  0x00000264083b2c50 WatcherThread [stack: 0x000000e3fb700000,0x000000e3fb800000] [id=632]
  0x00000263a0c72420 GCTaskThread "GC Thread#0" [stack: 0x000000e3fa300000,0x000000e3fa400000] [id=5584]
  0x00000263a0c82d30 ConcurrentGCThread "G1 Main Marker" [stack: 0x000000e3fa400000,0x000000e3fa500000] [id=7436]
  0x00000263a0c83650 ConcurrentGCThread "G1 Conc#0" [stack: 0x000000e3fa500000,0x000000e3fa600000] [id=16024]
  0x00000263a0cdea50 ConcurrentGCThread "G1 Refine#0" [stack: 0x000000e3fa600000,0x000000e3fa700000] [id=6276]
  0x00000263c2d4b440 ConcurrentGCThread "G1 Service" [stack: 0x000000e3fa700000,0x000000e3fa800000] [id=3520]

Threads with active compile tasks:

VM state: at safepoint (normal execution)

VM Mutex/Monitor currently owned by a thread:  ([mutex/lock_event])
[0x00000263a0c03a40] Threads_lock - owner thread: 0x00000263c2e8df60

Heap address: 0x0000000705400000, size: 4012 MB, Compressed Oops mode: Zero based, Oop shift amount: 3

CDS archive(s) mapped at: [0x00000263c3000000-0x00000263c3bd0000-0x00000263c3bd0000), size 12386304, SharedBaseAddress: 0x00000263c3000000, ArchiveRelocationMode: 1.
Compressed class space mapped at: 0x00000263c4000000-0x0000026404000000, reserved size: 1073741824
Narrow klass base: 0x00000263c3000000, Narrow klass shift: 0, Narrow klass range: 0x100000000

GC Precious Log:
 CPUs: 4 total, 4 available
 Memory: 16040M
 Large Page Support: Disabled
 NUMA Support: Disabled
 Compressed Oops: Enabled (Zero based)
 Heap Region Size: 2M
 Heap Min Capacity: 8M
 Heap Initial Capacity: 252M
 Heap Max Capacity: 4012M
 Pre-touch: Disabled
 Parallel Workers: 4
 Concurrent Workers: 1
 Concurrent Refinement Workers: 4
 Periodic GC: Disabled

Heap:
 garbage-first heap   total 258048K, used 4096K [0x0000000705400000, 0x0000000800000000)
  region size 2048K, 4 young (8192K), 0 survivors (0K)
 Metaspace       used 3330K, committed 3456K, reserved 1114112K
  class space    used 322K, committed 384K, reserved 1048576K

Heap Regions: E=young(eden), S=young(survivor), O=old, HS=humongous(starts), HC=humongous(continues), CS=collection set, F=free, OA=open archive, CA=closed archive, TAMS=top-at-mark-start (previous, next)
|   0|0x0000000705400000, 0x0000000705400000, 0x0000000705600000|  0%| F|  |TAMS 0x0000000705400000, 0x0000000705400000| Untracked 
|   1|0x0000000705600000, 0x0000000705600000, 0x0000000705800000|  0%| F|  |TAMS 0x0000000705600000, 0x0000000705600000| Untracked 
|   2|0x0000000705800000, 0x0000000705800000, 0x0000000705a00000|  0%| F|  |TAMS 0x0000000705800000, 0x0000000705800000| Untracked 
|   3|0x0000000705a00000, 0x0000000705a00000, 0x0000000705c00000|  0%| F|  |TAMS 0x0000000705a00000, 0x0000000705a00000| Untracked 
|   4|0x0000000705c00000, 0x0000000705c00000, 0x0000000705e00000|  0%| F|  |TAMS 0x0000000705c00000, 0x0000000705c00000| Untracked 
|   5|0x0000000705e00000, 0x0000000705e00000, 0x0000000706000000|  0%| F|  |TAMS 0x0000000705e00000, 0x0000000705e00000| Untracked 
|   6|0x0000000706000000, 0x0000000706000000, 0x0000000706200000|  0%| F|  |TAMS 0x0000000706000000, 0x0000000706000000| Untracked 
|   7|0x0000000706200000, 0x0000000706200000, 0x0000000706400000|  0%| F|  |TAMS 0x0000000706200000, 0x0000000706200000| Untracked 
|   8|0x0000000706400000, 0x0000000706400000, 0x0000000706600000|  0%| F|  |TAMS 0x0000000706400000, 0x0000000706400000| Untracked 
|   9|0x0000000706600000, 0x0000000706600000, 0x0000000706800000|  0%| F|  |TAMS 0x0000000706600000, 0x0000000706600000| Untracked 
|  10|0x0000000706800000, 0x0000000706800000, 0x0000000706a00000|  0%| F|  |TAMS 0x0000000706800000, 0x0000000706800000| Untracked 
|  11|0x0000000706a00000, 0x0000000706a00000, 0x0000000706c00000|  0%| F|  |TAMS 0x0000000706a00000, 0x0000000706a00000| Untracked 
|  12|0x0000000706c00000, 0x0000000706c00000, 0x0000000706e00000|  0%| F|  |TAMS 0x0000000706c00000, 0x0000000706c00000| Untracked 
|  13|0x0000000706e00000, 0x0000000706e00000, 0x0000000707000000|  0%| F|  |TAMS 0x0000000706e00000, 0x0000000706e00000| Untracked 
|  14|0x0000000707000000, 0x0000000707000000, 0x0000000707200000|  0%| F|  |TAMS 0x0000000707000000, 0x0000000707000000| Untracked 
|  15|0x0000000707200000, 0x0000000707200000, 0x0000000707400000|  0%| F|  |TAMS 0x0000000707200000, 0x0000000707200000| Untracked 
|  16|0x0000000707400000, 0x0000000707400000, 0x0000000707600000|  0%| F|  |TAMS 0x0000000707400000, 0x0000000707400000| Untracked 
|  17|0x0000000707600000, 0x0000000707600000, 0x0000000707800000|  0%| F|  |TAMS 0x0000000707600000, 0x0000000707600000| Untracked 
|  18|0x0000000707800000, 0x0000000707800000, 0x0000000707a00000|  0%| F|  |TAMS 0x0000000707800000, 0x0000000707800000| Untracked 
|  19|0x0000000707a00000, 0x0000000707a00000, 0x0000000707c00000|  0%| F|  |TAMS 0x0000000707a00000, 0x0000000707a00000| Untracked 
|  20|0x0000000707c00000, 0x0000000707c00000, 0x0000000707e00000|  0%| F|  |TAMS 0x0000000707c00000, 0x0000000707c00000| Untracked 
|  21|0x0000000707e00000, 0x0000000707e00000, 0x0000000708000000|  0%| F|  |TAMS 0x0000000707e00000, 0x0000000707e00000| Untracked 
|  22|0x0000000708000000, 0x0000000708000000, 0x0000000708200000|  0%| F|  |TAMS 0x0000000708000000, 0x0000000708000000| Untracked 
|  23|0x0000000708200000, 0x0000000708200000, 0x0000000708400000|  0%| F|  |TAMS 0x0000000708200000, 0x0000000708200000| Untracked 
|  24|0x0000000708400000, 0x0000000708400000, 0x0000000708600000|  0%| F|  |TAMS 0x0000000708400000, 0x0000000708400000| Untracked 
|  25|0x0000000708600000, 0x0000000708600000, 0x0000000708800000|  0%| F|  |TAMS 0x0000000708600000, 0x0000000708600000| Untracked 
|  26|0x0000000708800000, 0x0000000708800000, 0x0000000708a00000|  0%| F|  |TAMS 0x0000000708800000, 0x0000000708800000| Untracked 
|  27|0x0000000708a00000, 0x0000000708a00000, 0x0000000708c00000|  0%| F|  |TAMS 0x0000000708a00000, 0x0000000708a00000| Untracked 
|  28|0x0000000708c00000, 0x0000000708c00000, 0x0000000708e00000|  0%| F|  |TAMS 0x0000000708c00000, 0x0000000708c00000| Untracked 
|  29|0x0000000708e00000, 0x0000000708e00000, 0x0000000709000000|  0%| F|  |TAMS 0x0000000708e00000, 0x0000000708e00000| Untracked 
|  30|0x0000000709000000, 0x0000000709000000, 0x0000000709200000|  0%| F|  |TAMS 0x0000000709000000, 0x0000000709000000| Untracked 
|  31|0x0000000709200000, 0x0000000709200000, 0x0000000709400000|  0%| F|  |TAMS 0x0000000709200000, 0x0000000709200000| Untracked 
|  32|0x0000000709400000, 0x0000000709400000, 0x0000000709600000|  0%| F|  |TAMS 0x0000000709400000, 0x0000000709400000| Untracked 
|  33|0x0000000709600000, 0x0000000709600000, 0x0000000709800000|  0%| F|  |TAMS 0x0000000709600000, 0x0000000709600000| Untracked 
|  34|0x0000000709800000, 0x0000000709800000, 0x0000000709a00000|  0%| F|  |TAMS 0x0000000709800000, 0x0000000709800000| Untracked 
|  35|0x0000000709a00000, 0x0000000709a00000, 0x0000000709c00000|  0%| F|  |TAMS 0x0000000709a00000, 0x0000000709a00000| Untracked 
|  36|0x0000000709c00000, 0x0000000709c00000, 0x0000000709e00000|  0%| F|  |TAMS 0x0000000709c00000, 0x0000000709c00000| Untracked 
|  37|0x0000000709e00000, 0x0000000709e00000, 0x000000070a000000|  0%| F|  |TAMS 0x0000000709e00000, 0x0000000709e00000| Untracked 
|  38|0x000000070a000000, 0x000000070a000000, 0x000000070a200000|  0%| F|  |TAMS 0x000000070a000000, 0x000000070a000000| Untracked 
|  39|0x000000070a200000, 0x000000070a200000, 0x000000070a400000|  0%| F|  |TAMS 0x000000070a200000, 0x000000070a200000| Untracked 
|  40|0x000000070a400000, 0x000000070a400000, 0x000000070a600000|  0%| F|  |TAMS 0x000000070a400000, 0x000000070a400000| Untracked 
|  41|0x000000070a600000, 0x000000070a600000, 0x000000070a800000|  0%| F|  |TAMS 0x000000070a600000, 0x000000070a600000| Untracked 
|  42|0x000000070a800000, 0x000000070a800000, 0x000000070aa00000|  0%| F|  |TAMS 0x000000070a800000, 0x000000070a800000| Untracked 
|  43|0x000000070aa00000, 0x000000070aa00000, 0x000000070ac00000|  0%| F|  |TAMS 0x000000070aa00000, 0x000000070aa00000| Untracked 
|  44|0x000000070ac00000, 0x000000070ac00000, 0x000000070ae00000|  0%| F|  |TAMS 0x000000070ac00000, 0x000000070ac00000| Untracked 
|  45|0x000000070ae00000, 0x000000070ae00000, 0x000000070b000000|  0%| F|  |TAMS 0x000000070ae00000, 0x000000070ae00000| Untracked 
|  46|0x000000070b000000, 0x000000070b000000, 0x000000070b200000|  0%| F|  |TAMS 0x000000070b000000, 0x000000070b000000| Untracked 
|  47|0x000000070b200000, 0x000000070b200000, 0x000000070b400000|  0%| F|  |TAMS 0x000000070b200000, 0x000000070b200000| Untracked 
|  48|0x000000070b400000, 0x000000070b400000, 0x000000070b600000|  0%| F|  |TAMS 0x000000070b400000, 0x000000070b400000| Untracked 
|  49|0x000000070b600000, 0x000000070b600000, 0x000000070b800000|  0%| F|  |TAMS 0x000000070b600000, 0x000000070b600000| Untracked 
|  50|0x000000070b800000, 0x000000070b800000, 0x000000070ba00000|  0%| F|  |TAMS 0x000000070b800000, 0x000000070b800000| Untracked 
|  51|0x000000070ba00000, 0x000000070ba00000, 0x000000070bc00000|  0%| F|  |TAMS 0x000000070ba00000, 0x000000070ba00000| Untracked 
|  52|0x000000070bc00000, 0x000000070bc00000, 0x000000070be00000|  0%| F|  |TAMS 0x000000070bc00000, 0x000000070bc00000| Untracked 
|  53|0x000000070be00000, 0x000000070be00000, 0x000000070c000000|  0%| F|  |TAMS 0x000000070be00000, 0x000000070be00000| Untracked 
|  54|0x000000070c000000, 0x000000070c000000, 0x000000070c200000|  0%| F|  |TAMS 0x000000070c000000, 0x000000070c000000| Untracked 
|  55|0x000000070c200000, 0x000000070c200000, 0x000000070c400000|  0%| F|  |TAMS 0x000000070c200000, 0x000000070c200000| Untracked 
|  56|0x000000070c400000, 0x000000070c400000, 0x000000070c600000|  0%| F|  |TAMS 0x000000070c400000, 0x000000070c400000| Untracked 
|  57|0x000000070c600000, 0x000000070c600000, 0x000000070c800000|  0%| F|  |TAMS 0x000000070c600000, 0x000000070c600000| Untracked 
|  58|0x000000070c800000, 0x000000070c800000, 0x000000070ca00000|  0%| F|  |TAMS 0x000000070c800000, 0x000000070c800000| Untracked 
|  59|0x000000070ca00000, 0x000000070ca00000, 0x000000070cc00000|  0%| F|  |TAMS 0x000000070ca00000, 0x000000070ca00000| Untracked 
|  60|0x000000070cc00000, 0x000000070cc00000, 0x000000070ce00000|  0%| F|  |TAMS 0x000000070cc00000, 0x000000070cc00000| Untracked 
|  61|0x000000070ce00000, 0x000000070ce00000, 0x000000070d000000|  0%| F|  |TAMS 0x000000070ce00000, 0x000000070ce00000| Untracked 
|  62|0x000000070d000000, 0x000000070d000000, 0x000000070d200000|  0%| F|  |TAMS 0x000000070d000000, 0x000000070d000000| Untracked 
|  63|0x000000070d200000, 0x000000070d200000, 0x000000070d400000|  0%| F|  |TAMS 0x000000070d200000, 0x000000070d200000| Untracked 
|  64|0x000000070d400000, 0x000000070d400000, 0x000000070d600000|  0%| F|  |TAMS 0x000000070d400000, 0x000000070d400000| Untracked 
|  65|0x000000070d600000, 0x000000070d600000, 0x000000070d800000|  0%| F|  |TAMS 0x000000070d600000, 0x000000070d600000| Untracked 
|  66|0x000000070d800000, 0x000000070d800000, 0x000000070da00000|  0%| F|  |TAMS 0x000000070d800000, 0x000000070d800000| Untracked 
|  67|0x000000070da00000, 0x000000070da00000, 0x000000070dc00000|  0%| F|  |TAMS 0x000000070da00000, 0x000000070da00000| Untracked 
|  68|0x000000070dc00000, 0x000000070dc00000, 0x000000070de00000|  0%| F|  |TAMS 0x000000070dc00000, 0x000000070dc00000| Untracked 
|  69|0x000000070de00000, 0x000000070de00000, 0x000000070e000000|  0%| F|  |TAMS 0x000000070de00000, 0x000000070de00000| Untracked 
|  70|0x000000070e000000, 0x000000070e000000, 0x000000070e200000|  0%| F|  |TAMS 0x000000070e000000, 0x000000070e000000| Untracked 
|  71|0x000000070e200000, 0x000000070e200000, 0x000000070e400000|  0%| F|  |TAMS 0x000000070e200000, 0x000000070e200000| Untracked 
|  72|0x000000070e400000, 0x000000070e400000, 0x000000070e600000|  0%| F|  |TAMS 0x000000070e400000, 0x000000070e400000| Untracked 
|  73|0x000000070e600000, 0x000000070e600000, 0x000000070e800000|  0%| F|  |TAMS 0x000000070e600000, 0x000000070e600000| Untracked 
|  74|0x000000070e800000, 0x000000070e800000, 0x000000070ea00000|  0%| F|  |TAMS 0x000000070e800000, 0x000000070e800000| Untracked 
|  75|0x000000070ea00000, 0x000000070ea00000, 0x000000070ec00000|  0%| F|  |TAMS 0x000000070ea00000, 0x000000070ea00000| Untracked 
|  76|0x000000070ec00000, 0x000000070ec00000, 0x000000070ee00000|  0%| F|  |TAMS 0x000000070ec00000, 0x000000070ec00000| Untracked 
|  77|0x000000070ee00000, 0x000000070ee00000, 0x000000070f000000|  0%| F|  |TAMS 0x000000070ee00000, 0x000000070ee00000| Untracked 
|  78|0x000000070f000000, 0x000000070f000000, 0x000000070f200000|  0%| F|  |TAMS 0x000000070f000000, 0x000000070f000000| Untracked 
|  79|0x000000070f200000, 0x000000070f200000, 0x000000070f400000|  0%| F|  |TAMS 0x000000070f200000, 0x000000070f200000| Untracked 
|  80|0x000000070f400000, 0x000000070f400000, 0x000000070f600000|  0%| F|  |TAMS 0x000000070f400000, 0x000000070f400000| Untracked 
|  81|0x000000070f600000, 0x000000070f600000, 0x000000070f800000|  0%| F|  |TAMS 0x000000070f600000, 0x000000070f600000| Untracked 
|  82|0x000000070f800000, 0x000000070f800000, 0x000000070fa00000|  0%| F|  |TAMS 0x000000070f800000, 0x000000070f800000| Untracked 
|  83|0x000000070fa00000, 0x000000070fa00000, 0x000000070fc00000|  0%| F|  |TAMS 0x000000070fa00000, 0x000000070fa00000| Untracked 
|  84|0x000000070fc00000, 0x000000070fc00000, 0x000000070fe00000|  0%| F|  |TAMS 0x000000070fc00000, 0x000000070fc00000| Untracked 
|  85|0x000000070fe00000, 0x000000070fe00000, 0x0000000710000000|  0%| F|  |TAMS 0x000000070fe00000, 0x000000070fe00000| Untracked 
|  86|0x0000000710000000, 0x0000000710000000, 0x0000000710200000|  0%| F|  |TAMS 0x0000000710000000, 0x0000000710000000| Untracked 
|  87|0x0000000710200000, 0x0000000710200000, 0x0000000710400000|  0%| F|  |TAMS 0x0000000710200000, 0x0000000710200000| Untracked 
|  88|0x0000000710400000, 0x0000000710400000, 0x0000000710600000|  0%| F|  |TAMS 0x0000000710400000, 0x0000000710400000| Untracked 
|  89|0x0000000710600000, 0x0000000710600000, 0x0000000710800000|  0%| F|  |TAMS 0x0000000710600000, 0x0000000710600000| Untracked 
|  90|0x0000000710800000, 0x0000000710800000, 0x0000000710a00000|  0%| F|  |TAMS 0x0000000710800000, 0x0000000710800000| Untracked 
|  91|0x0000000710a00000, 0x0000000710a00000, 0x0000000710c00000|  0%| F|  |TAMS 0x0000000710a00000, 0x0000000710a00000| Untracked 
|  92|0x0000000710c00000, 0x0000000710c00000, 0x0000000710e00000|  0%| F|  |TAMS 0x0000000710c00000, 0x0000000710c00000| Untracked 
|  93|0x0000000710e00000, 0x0000000710e00000, 0x0000000711000000|  0%| F|  |TAMS 0x0000000710e00000, 0x0000000710e00000| Untracked 
|  94|0x0000000711000000, 0x0000000711000000, 0x0000000711200000|  0%| F|  |TAMS 0x0000000711000000, 0x0000000711000000| Untracked 
|  95|0x0000000711200000, 0x0000000711200000, 0x0000000711400000|  0%| F|  |TAMS 0x0000000711200000, 0x0000000711200000| Untracked 
|  96|0x0000000711400000, 0x0000000711400000, 0x0000000711600000|  0%| F|  |TAMS 0x0000000711400000, 0x0000000711400000| Untracked 
|  97|0x0000000711600000, 0x0000000711600000, 0x0000000711800000|  0%| F|  |TAMS 0x0000000711600000, 0x0000000711600000| Untracked 
|  98|0x0000000711800000, 0x0000000711800000, 0x0000000711a00000|  0%| F|  |TAMS 0x0000000711800000, 0x0000000711800000| Untracked 
|  99|0x0000000711a00000, 0x0000000711a00000, 0x0000000711c00000|  0%| F|  |TAMS 0x0000000711a00000, 0x0000000711a00000| Untracked 
| 100|0x0000000711c00000, 0x0000000711c00000, 0x0000000711e00000|  0%| F|  |TAMS 0x0000000711c00000, 0x0000000711c00000| Untracked 
| 101|0x0000000711e00000, 0x0000000711e00000, 0x0000000712000000|  0%| F|  |TAMS 0x0000000711e00000, 0x0000000711e00000| Untracked 
| 102|0x0000000712000000, 0x0000000712000000, 0x0000000712200000|  0%| F|  |TAMS 0x0000000712000000, 0x0000000712000000| Untracked 
| 103|0x0000000712200000, 0x0000000712200000, 0x0000000712400000|  0%| F|  |TAMS 0x0000000712200000, 0x0000000712200000| Untracked 
| 104|0x0000000712400000, 0x0000000712400000, 0x0000000712600000|  0%| F|  |TAMS 0x0000000712400000, 0x0000000712400000| Untracked 
| 105|0x0000000712600000, 0x0000000712600000, 0x0000000712800000|  0%| F|  |TAMS 0x0000000712600000, 0x0000000712600000| Untracked 
| 106|0x0000000712800000, 0x0000000712800000, 0x0000000712a00000|  0%| F|  |TAMS 0x0000000712800000, 0x0000000712800000| Untracked 
| 107|0x0000000712a00000, 0x0000000712a00000, 0x0000000712c00000|  0%| F|  |TAMS 0x0000000712a00000, 0x0000000712a00000| Untracked 
| 108|0x0000000712c00000, 0x0000000712c00000, 0x0000000712e00000|  0%| F|  |TAMS 0x0000000712c00000, 0x0000000712c00000| Untracked 
| 109|0x0000000712e00000, 0x0000000712e00000, 0x0000000713000000|  0%| F|  |TAMS 0x0000000712e00000, 0x0000000712e00000| Untracked 
| 110|0x0000000713000000, 0x0000000713000000, 0x0000000713200000|  0%| F|  |TAMS 0x0000000713000000, 0x0000000713000000| Untracked 
| 111|0x0000000713200000, 0x0000000713200000, 0x0000000713400000|  0%| F|  |TAMS 0x0000000713200000, 0x0000000713200000| Untracked 
| 112|0x0000000713400000, 0x0000000713400000, 0x0000000713600000|  0%| F|  |TAMS 0x0000000713400000, 0x0000000713400000| Untracked 
| 113|0x0000000713600000, 0x0000000713600000, 0x0000000713800000|  0%| F|  |TAMS 0x0000000713600000, 0x0000000713600000| Untracked 
| 114|0x0000000713800000, 0x0000000713800000, 0x0000000713a00000|  0%| F|  |TAMS 0x0000000713800000, 0x0000000713800000| Untracked 
| 115|0x0000000713a00000, 0x0000000713a00000, 0x0000000713c00000|  0%| F|  |TAMS 0x0000000713a00000, 0x0000000713a00000| Untracked 
| 116|0x0000000713c00000, 0x0000000713c00000, 0x0000000713e00000|  0%| F|  |TAMS 0x0000000713c00000, 0x0000000713c00000| Untracked 
| 117|0x0000000713e00000, 0x0000000713e00000, 0x0000000714000000|  0%| F|  |TAMS 0x0000000713e00000, 0x0000000713e00000| Untracked 
| 118|0x0000000714000000, 0x0000000714000000, 0x0000000714200000|  0%| F|  |TAMS 0x0000000714000000, 0x0000000714000000| Untracked 
| 119|0x0000000714200000, 0x0000000714200000, 0x0000000714400000|  0%| F|  |TAMS 0x0000000714200000, 0x0000000714200000| Untracked 
| 120|0x0000000714400000, 0x0000000714400000, 0x0000000714600000|  0%| F|  |TAMS 0x0000000714400000, 0x0000000714400000| Untracked 
| 121|0x0000000714600000, 0x0000000714600000, 0x0000000714800000|  0%| F|  |TAMS 0x0000000714600000, 0x0000000714600000| Untracked 
| 122|0x0000000714800000, 0x000000071483f458, 0x0000000714a00000| 12%| E|  |TAMS 0x0000000714800000, 0x0000000714800000| Complete 
| 123|0x0000000714a00000, 0x0000000714c00000, 0x0000000714c00000|100%| E|CS|TAMS 0x0000000714a00000, 0x0000000714a00000| Complete 
| 124|0x0000000714c00000, 0x0000000714e00000, 0x0000000714e00000|100%| E|  |TAMS 0x0000000714c00000, 0x0000000714c00000| Complete 
| 125|0x0000000714e00000, 0x0000000715000000, 0x0000000715000000|100%| E|CS|TAMS 0x0000000714e00000, 0x0000000714e00000| Complete 

Card table byte_map: [0x00000263b7c90000,0x00000263b8470000] _byte_map_base: 0x00000263b4466000

Marking Bits (Prev, Next): (CMBitMap*) 0x00000263a0c72940, (CMBitMap*) 0x00000263a0c72980
 Prev Bits: [0x00000263b8c50000, 0x00000263bcb00000)
 Next Bits: [0x00000263bcb00000, 0x00000263c09b0000)

Polling page: 0x000002639ec00000

Metaspace:

Usage:
  Non-class:      2.94 MB used.
      Class:    322.90 KB used.
       Both:      3.25 MB used.

Virtual space:
  Non-class space:       64.00 MB reserved,       3.00 MB (  5%) committed,  1 nodes.
      Class space:        1.00 GB reserved,     384.00 KB ( <1%) committed,  1 nodes.
             Both:        1.06 GB reserved,       3.38 MB ( <1%) committed. 

Chunk freelists:
   Non-Class:  11.69 MB
       Class:  15.59 MB
        Both:  27.28 MB

MaxMetaspaceSize: unlimited
CompressedClassSpaceSize: 1.00 GB
Initial GC threshold: 21.00 MB
Current GC threshold: 21.00 MB
CDS: on
MetaspaceReclaimPolicy: balanced
 - commit_granule_bytes: 65536.
 - commit_granule_words: 8192.
 - virtual_space_node_default_size: 8388608.
 - enlarge_chunks_in_place: 1.
 - new_chunks_are_fully_committed: 0.
 - uncommit_free_chunks: 1.
 - use_allocation_guard: 0.
 - handle_deallocations: 1.


Internal statistics:

num_allocs_failed_limit: 0.
num_arena_births: 14.
num_arena_deaths: 0.
num_vsnodes_births: 2.
num_vsnodes_deaths: 0.
num_space_committed: 54.
num_space_uncommitted: 0.
num_chunks_returned_to_freelist: 0.
num_chunks_taken_from_freelist: 38.
num_chunk_merges: 0.
num_chunk_splits: 24.
num_chunks_enlarged: 17.
num_purges: 0.
num_inconsistent_stats: 0.

CodeHeap 'non-profiled nmethods': size=120000Kb used=168Kb max_used=168Kb free=119831Kb
 bounds [0x00000263aff80000, 0x00000263b01f0000, 0x00000263b74b0000]
CodeHeap 'profiled nmethods': size=120000Kb used=762Kb max_used=762Kb free=119237Kb
 bounds [0x00000263a84b0000, 0x00000263a8720000, 0x00000263af9e0000]
CodeHeap 'non-nmethods': size=5760Kb used=1220Kb max_used=1238Kb free=4539Kb
 bounds [0x00000263af9e0000, 0x00000263afc50000, 0x00000263aff80000]
 total_blobs=937 nmethods=498 adapters=352
 compilation: enabled
              stopped_count=0, restarted_count=0
 full_count=0

Compilation events (20 events):
Event: 148.014 Thread 0x00000263c2ec36c0  491       1       org.eclipse.jdt.launching.internal.org.objectweb.asm.SymbolTable::getMajorVersion (5 bytes)
Event: 148.014 Thread 0x00000263c2ec36c0 nmethod 491 0x00000263affa8390 code [0x00000263affa8520, 0x00000263affa85f8]
Event: 190.860 Thread 0x00000263c2ec36c0  492       3       org.eclipse.jdt.launching.internal.org.objectweb.asm.SymbolTable::addConstantUtf8 (98 bytes)
Event: 190.864 Thread 0x00000263c2ec36c0 

Event: 253.993 Thread 0x00000263c2ec36c0  493       1       sun.instrument.TransformerManager::getSnapshotTransformerList (5 bytes)
Event: 253.993 Thread 0x00000263c2ec36c0 nmethod 493 0x00000263affa8690 code [0x00000263affa8820, 0x00000263affa88f8]
Event: 253.994 Thread 0x00000263c2ec36c0  494       1       org.eclipse.jdt.launching.internal.org.objectweb.asm.SymbolTable::getSource (5 bytes)
Event: 253.994 Thread 0x00000263c2ec36c0 nmethod 494 0x00000263affa8990 code [0x00000263affa8b20, 0x00000263affa8bf8]
Event: 271.424 Thread 0x00000263c2ec36c0  495       1       sun.instrument.TransformerManager$TransformerInfo::transformer (5 bytes)
Event: 271.424 Thread 0x00000263c2ec36c0 nmethod 495 0x00000263affa8c90 code [0x00000263affa8e20, 0x00000263affa8ef8]
Event: 294.952 Thread 0x00000263c2eae110  496       4       java.lang.StringUTF16::compress (50 bytes)
Event: 294.952 Thread 0x00000263c2ec36c0  497       3       org.eclipse.jdt.launching.internal.org.objectweb.asm.ClassReader::readClass (7 bytes)
Event: 294.953 Thread 0x00000263c2ec36c0 nmethod 497 0x00000263a856d790 code [0x00000263a856d960, 0x00000263a856dd08]
Event: 294.953 Thread 0x00000263c2ec36c0  498       3       org.eclipse.jdt.launching.internal.org.objectweb.asm.ClassReader::readStringish (16 bytes)
Event: 294.953 Thread 0x00000263c2ec36c0 nmethod 498 0x00000263a856df10 code [0x00000263a856e0e0, 0x00000263a856e3e8]
Event: 294.953 Thread 0x00000263c2ec36c0  500       3       org.eclipse.jdt.launching.internal.org.objectweb.asm.ClassReader::readInt (52 bytes)
Event: 294.954 Thread 0x00000263c2ec36c0 nmethod 500 0x00000263a856e590 code [0x00000263a856e720, 0x00000263a856e8f8]
Event: 294.965 Thread 0x00000263c2eae110 

Event: 294.965 Thread 0x00000263c2eae110  499       4       org.eclipse.jdt.launching.internal.org.objectweb.asm.ClassReader::readUtf (161 bytes)
Event: 294.991 Thread 0x00000263c2eae110 nmethod 499 0x00000263affa8f90 code [0x00000263affa9140, 0x00000263affa9c68]

GC Heap History (0 events):
No events

Deoptimization events (20 events):
Event: 0.734 Thread 0x00000263a0c07f90 DEOPT PACKING pc=0x00000263a8539a54 sp=0x000000e3fa2fc310
Event: 0.734 Thread 0x00000263a0c07f90 DEOPT UNPACKING pc=0x00000263afa32b43 sp=0x000000e3fa2fb778 mode 0
Event: 0.741 Thread 0x00000263a0c07f90 DEOPT PACKING pc=0x00000263a8539a54 sp=0x000000e3fa2f8490
Event: 0.741 Thread 0x00000263a0c07f90 DEOPT UNPACKING pc=0x00000263afa32b43 sp=0x000000e3fa2f78f8 mode 0
Event: 0.744 Thread 0x00000263a0c07f90 DEOPT PACKING pc=0x00000263a8539a54 sp=0x000000e3fa2f8490
Event: 0.744 Thread 0x00000263a0c07f90 DEOPT UNPACKING pc=0x00000263afa32b43 sp=0x000000e3fa2f78f8 mode 0
Event: 0.744 Thread 0x00000263a0c07f90 DEOPT PACKING pc=0x00000263a8539a54 sp=0x000000e3fa2f8490
Event: 0.744 Thread 0x00000263a0c07f90 DEOPT UNPACKING pc=0x00000263afa32b43 sp=0x000000e3fa2f78f8 mode 0
Event: 0.744 Thread 0x00000263a0c07f90 DEOPT PACKING pc=0x00000263a853997c sp=0x000000e3fa2f8490
Event: 0.744 Thread 0x00000263a0c07f90 DEOPT UNPACKING pc=0x00000263afa32b43 sp=0x000000e3fa2f78f8 mode 0
Event: 0.745 Thread 0x00000263a0c07f90 DEOPT PACKING pc=0x00000263a853997c sp=0x000000e3fa2f8490
Event: 0.745 Thread 0x00000263a0c07f90 DEOPT UNPACKING pc=0x00000263afa32b43 sp=0x000000e3fa2f78f8 mode 0
Event: 0.815 Thread 0x00000263a0c07f90 Uncommon trap: trap_request=0xffffff45 fr.pc=0x00000263aff8a12c relative=0x00000000000001ac
Event: 0.815 Thread 0x00000263a0c07f90 Uncommon trap: reason=unstable_if action=reinterpret pc=0x00000263aff8a12c method=java.lang.String.isLatin1()Z @ 10 c2
Event: 0.815 Thread 0x00000263a0c07f90 DEOPT PACKING pc=0x00000263aff8a12c sp=0x000000e3fa2fc730
Event: 0.815 Thread 0x00000263a0c07f90 DEOPT UNPACKING pc=0x00000263afa323a3 sp=0x000000e3fa2fc660 mode 2
Event: 0.834 Thread 0x00000263a0c07f90 Uncommon trap: trap_request=0xffffff45 fr.pc=0x00000263aff90b48 relative=0x0000000000000048
Event: 0.834 Thread 0x00000263a0c07f90 Uncommon trap: reason=unstable_if action=reinterpret pc=0x00000263aff90b48 method=java.lang.CharacterData.of(I)Ljava/lang/CharacterData; @ 4 c2
Event: 0.834 Thread 0x00000263a0c07f90 DEOPT PACKING pc=0x00000263aff90b48 sp=0x000000e3fa2fe570
Event: 0.834 Thread 0x00000263a0c07f90 DEOPT UNPACKING pc=0x00000263afa323a3 sp=0x000000e3fa2fe510 mode 2

Classes unloaded (0 events):
No events

Classes redefined (6 events):
Event: 97.685 Thread 0x00000263c2e8df60 redefined class name=simondiceV3.Record, count=1
Event: 148.015 Thread 0x00000263c2e8df60 redefined class name=simondiceV3.Record, count=2
Event: 190.861 Thread 0x00000263c2e8df60 redefined class name=simondiceV3.Record, count=3
Event: 253.995 Thread 0x00000263c2e8df60 redefined class name=simondiceV3.Record, count=4
Event: 271.426 Thread 0x00000263c2e8df60 redefined class name=simondiceV3.Record, count=5
Event: 294.955 Thread 0x00000263c2e8df60 redefined class name=simondiceV3.Engine, count=1

Internal exceptions (1 events):
Event: 0.188 Thread 0x00000263a0c07f90 Exception <a 'java/lang/NoSuchMethodError'{0x0000000714f200d8}: 'void java.lang.invoke.DirectMethodHandle$Holder.invokeVirtual(java.lang.Object, java.lang.Object)'> (0x0000000714f200d8) 
thrown [s\open\src\hotspot\share\interpreter\linkResolver.cpp, line 759]

VM Operations (20 events):
Event: 271.536 Executing VM operation: get/set locals done
Event: 294.947 Executing VM operation: ChangeSingleStep
Event: 294.947 Executing VM operation: ChangeSingleStep done
Event: 294.947 Executing VM operation: ChangeSingleStep
Event: 294.947 Executing VM operation: ChangeSingleStep done
Event: 294.954 Executing VM operation: RedefineClasses
Event: 294.958 Executing VM operation: RedefineClasses done
Event: 294.972 Executing VM operation: ChangeBreakpoints
Event: 294.972 Executing VM operation: ChangeBreakpoints done
Event: 294.982 Executing VM operation: ChangeBreakpoints
Event: 294.982 Executing VM operation: ChangeBreakpoints done
Event: 294.990 Executing VM operation: ChangeBreakpoints
Event: 294.990 Executing VM operation: ChangeBreakpoints done
Event: 294.997 Executing VM operation: ChangeBreakpoints
Event: 294.998 Executing VM operation: ChangeBreakpoints done
Event: 295.000 Executing VM operation: ChangeSingleStep
Event: 295.000 Executing VM operation: ChangeSingleStep done
Event: 295.002 Executing VM operation: ChangeSingleStep
Event: 295.002 Executing VM operation: ChangeSingleStep done
Event: 295.104 Executing VM operation: get/set locals

Events (20 events):
Event: 0.791 loading class sun/nio/cs/UTF_8$Decoder done
Event: 0.791 loading class java/util/Scanner$PatternLRUCache
Event: 0.791 loading class java/util/Scanner$PatternLRUCache done
Event: 0.809 loading class sun/util/resources/LocaleData$CommonResourceBundleProvider
Event: 0.809 loading class sun/util/resources/LocaleData$LocaleDataResourceBundleProvider
Event: 0.809 loading class java/util/spi/ResourceBundleProvider
Event: 0.809 loading class java/util/spi/ResourceBundleProvider done
Event: 0.809 loading class sun/util/resources/LocaleData$LocaleDataResourceBundleProvider done
Event: 0.809 loading class sun/util/resources/LocaleData$CommonResourceBundleProvider done
Event: 0.812 loading class sun/util/resources/Bundles$2
Event: 0.812 loading class sun/util/resources/Bundles$2 done
Event: 0.814 loading class java/lang/InstantiationException
Event: 0.814 loading class java/lang/InstantiationException done
Event: 0.814 loading class java/lang/IllegalAccessException
Event: 0.814 loading class java/lang/IllegalAccessException done
Event: 3.876 Thread 0x0000026408216bf0 Thread exited: 0x0000026408216bf0
Event: 4.596 loading class java/util/regex/Matcher$ImmutableMatchResult
Event: 4.596 loading class java/util/regex/Matcher$ImmutableMatchResult done
Event: 6.068 loading class java/util/regex/Pattern$1
Event: 6.068 loading class java/util/regex/Pattern$1 done


Dynamic libraries:
0x00007ff73e9f0000 - 0x00007ff73ea00000 	C:\Program Files\Java\jdk-17\bin\javaw.exe
0x00007ffcc06b0000 - 0x00007ffcc08a8000 	C:\Windows\SYSTEM32\ntdll.dll
0x00007ffcc0120000 - 0x00007ffcc01dd000 	C:\Windows\System32\KERNEL32.DLL
0x00007ffcbe190000 - 0x00007ffcbe486000 	C:\Windows\System32\KERNELBASE.dll
0x00007ffcbe4c0000 - 0x00007ffcbe5c0000 	C:\Windows\System32\ucrtbase.dll
0x00007ffcb5b30000 - 0x00007ffcb5b49000 	C:\Program Files\Java\jdk-17\bin\jli.dll
0x00007ffcc05b0000 - 0x00007ffcc0663000 	C:\Windows\System32\ADVAPI32.dll
0x00007ffcc0080000 - 0x00007ffcc011e000 	C:\Windows\System32\msvcrt.dll
0x00007ffcbf6e0000 - 0x00007ffcbf77f000 	C:\Windows\System32\sechost.dll
0x00007ffcbede0000 - 0x00007ffcbef06000 	C:\Windows\System32\RPCRT4.dll
0x00007ffcbe490000 - 0x00007ffcbe4b7000 	C:\Windows\System32\bcrypt.dll
0x00007ffcbea90000 - 0x00007ffcbec2e000 	C:\Windows\System32\USER32.dll
0x00007ffcb5b50000 - 0x00007ffcb5b6b000 	C:\Program Files\Java\jdk-17\bin\VCRUNTIME140.dll
0x00007ffcbe160000 - 0x00007ffcbe182000 	C:\Windows\System32\win32u.dll
0x00007ffcc0250000 - 0x00007ffcc027b000 	C:\Windows\System32\GDI32.dll
0x00007ffcbddc0000 - 0x00007ffcbded7000 	C:\Windows\System32\gdi32full.dll
0x00007ffcbe650000 - 0x00007ffcbe6ed000 	C:\Windows\System32\msvcp_win.dll
0x00007ffca7fa0000 - 0x00007ffca823a000 	C:\Windows\WinSxS\amd64_microsoft.windows.common-controls_6595b64144ccf1df_6.0.19041.3636_none_60b6a03d71f818d5\COMCTL32.dll
0x00007ffcb2d20000 - 0x00007ffcb2d2a000 	C:\Windows\SYSTEM32\VERSION.dll
0x00007ffcc0280000 - 0x00007ffcc02b2000 	C:\Windows\System32\IMM32.DLL
0x00007ffcb6270000 - 0x00007ffcb627c000 	C:\Program Files\Java\jdk-17\bin\vcruntime140_1.dll
0x00007ffcb24e0000 - 0x00007ffcb256e000 	C:\Program Files\Java\jdk-17\bin\msvcp140.dll
0x00007ffc6a7c0000 - 0x00007ffc6b39e000 	C:\Program Files\Java\jdk-17\bin\server\jvm.dll
0x00007ffcc01e0000 - 0x00007ffcc01e8000 	C:\Windows\System32\PSAPI.DLL
0x00007ffcb5c60000 - 0x00007ffcb5c69000 	C:\Windows\SYSTEM32\WSOCK32.dll
0x00007ffcb4d80000 - 0x00007ffcb4da7000 	C:\Windows\SYSTEM32\WINMM.dll
0x00007ffcbea20000 - 0x00007ffcbea8b000 	C:\Windows\System32\WS2_32.dll
0x00007ffcbc560000 - 0x00007ffcbc572000 	C:\Windows\SYSTEM32\kernel.appcore.dll
0x00007ffcb51a0000 - 0x00007ffcb51aa000 	C:\Program Files\Java\jdk-17\bin\jimage.dll
0x00007ffcbb480000 - 0x00007ffcbb664000 	C:\Windows\SYSTEM32\DBGHELP.DLL
0x00007ffc9dff0000 - 0x00007ffc9e024000 	C:\Windows\SYSTEM32\dbgcore.DLL
0x00007ffcbe5c0000 - 0x00007ffcbe642000 	C:\Windows\System32\bcryptPrimitives.dll
0x00007ffcb2720000 - 0x00007ffcb275b000 	C:\Program Files\Java\jdk-17\bin\jdwp.dll
0x00007ffcbb0e0000 - 0x00007ffcbb0ee000 	C:\Program Files\Java\jdk-17\bin\instrument.dll
0x00007ffcb4b40000 - 0x00007ffcb4b65000 	C:\Program Files\Java\jdk-17\bin\java.dll
0x00007ffcac590000 - 0x00007ffcac667000 	C:\Program Files\Java\jdk-17\bin\jsvml.dll
0x00007ffcbef90000 - 0x00007ffcbf6d5000 	C:\Windows\System32\SHELL32.dll
0x00007ffcbbdc0000 - 0x00007ffcbc55c000 	C:\Windows\SYSTEM32\windows.storage.dll
0x00007ffcbf790000 - 0x00007ffcbfae4000 	C:\Windows\System32\combase.dll
0x00007ffcbd650000 - 0x00007ffcbd67e000 	C:\Windows\SYSTEM32\Wldp.dll
0x00007ffcc0400000 - 0x00007ffcc04cd000 	C:\Windows\System32\OLEAUT32.dll
0x00007ffcbe970000 - 0x00007ffcbea1d000 	C:\Windows\System32\SHCORE.dll
0x00007ffcc01f0000 - 0x00007ffcc0245000 	C:\Windows\System32\shlwapi.dll
0x00007ffcbdca0000 - 0x00007ffcbdcc5000 	C:\Windows\SYSTEM32\profapi.dll
0x00007ffcb3810000 - 0x00007ffcb3829000 	C:\Program Files\Java\jdk-17\bin\net.dll
0x00007ffcaadb0000 - 0x00007ffcaaeba000 	C:\Windows\SYSTEM32\WINHTTP.dll
0x00007ffcbd430000 - 0x00007ffcbd49a000 	C:\Windows\system32\mswsock.dll
0x00007ffcb37f0000 - 0x00007ffcb3806000 	C:\Program Files\Java\jdk-17\bin\nio.dll
0x00007ffcb5c00000 - 0x00007ffcb5c0c000 	C:\Program Files\Java\jdk-17\bin\dt_socket.dll
0x00007ffcbd140000 - 0x00007ffcbd17b000 	C:\Windows\SYSTEM32\IPHLPAPI.DLL
0x00007ffcbd180000 - 0x00007ffcbd24b000 	C:\Windows\SYSTEM32\DNSAPI.dll
0x00007ffcbf780000 - 0x00007ffcbf788000 	C:\Windows\System32\NSI.dll
0x00007ffca9940000 - 0x00007ffca994a000 	C:\Windows\System32\rasadhlp.dll
0x00007ffca9860000 - 0x00007ffca98e0000 	C:\Windows\System32\fwpuclnt.dll
0x00007ffcb37d0000 - 0x00007ffcb37e8000 	C:\Program Files\Java\jdk-17\bin\zip.dll
0x00007ffcb5190000 - 0x00007ffcb51a0000 	C:\Program Files\Java\jdk-17\bin\verify.dll

dbghelp: loaded successfully - version: 4.0.5 - missing functions: none
symbol engine: initialized successfully - sym options: 0x614 - pdb path: .;C:\Program Files\Java\jdk-17\bin;C:\Windows\SYSTEM32;C:\Windows\WinSxS\amd64_microsoft.windows.common-controls_6595b64144ccf1df_6.0.19041.3636_none_60b6a03d71f818d5;C:\Program Files\Java\jdk-17\bin\server

VM Arguments:
jvm_args: -XX:+ShowCodeDetailsInExceptionMessages -agentlib:jdwp=transport=dt_socket,suspend=y,address=localhost:55735 -javaagent:C:\Users\Usuario\eclipse\java-2023-06\eclipse\configuration\org.eclipse.osgi\248\0\.cp\lib\javaagent-shaded.jar -Dfile.encoding=UTF-8 --module-path=C:\Users\Usuario\Desktop\Proyecto programacion\simondiceV3\bin -Djdk.module.main=simondiceV3 
java_command: simondiceV3/simondiceV3.Main
java_class_path (initial): <not set>
Launcher Type: SUN_STANDARD

[Global flags]
     intx CICompilerCount                          = 3                                         {product} {ergonomic}
     uint ConcGCThreads                            = 1                                         {product} {ergonomic}
     uint G1ConcRefinementThreads                  = 4                                         {product} {ergonomic}
   size_t G1HeapRegionSize                         = 2097152                                   {product} {ergonomic}
    uintx GCDrainStackTargetSize                   = 64                                        {product} {ergonomic}
   size_t InitialHeapSize                          = 264241152                                 {product} {ergonomic}
   size_t MarkStackSize                            = 4194304                                   {product} {ergonomic}
   size_t MaxHeapSize                              = 4206886912                                {product} {ergonomic}
   size_t MaxNewSize                               = 2522873856                                {product} {ergonomic}
   size_t MinHeapDeltaBytes                        = 2097152                                   {product} {ergonomic}
   size_t MinHeapSize                              = 8388608                                   {product} {ergonomic}
    uintx NonNMethodCodeHeapSize                   = 5832780                                {pd product} {ergonomic}
    uintx NonProfiledCodeHeapSize                  = 122912730                              {pd product} {ergonomic}
    uintx ProfiledCodeHeapSize                     = 122912730                              {pd product} {ergonomic}
    uintx ReservedCodeCacheSize                    = 251658240                              {pd product} {ergonomic}
     bool SegmentedCodeCache                       = true                                      {product} {ergonomic}
     bool ShowCodeDetailsInExceptionMessages       = true                                   {manageable} {command line}
   size_t SoftMaxHeapSize                          = 4206886912                             {manageable} {ergonomic}
     bool UseCompressedClassPointers               = true                           {product lp64_product} {ergonomic}
     bool UseCompressedOops                        = true                           {product lp64_product} {ergonomic}
     bool UseG1GC                                  = true                                      {product} {ergonomic}
     bool UseLargePagesIndividualAllocation        = false                                  {pd product} {ergonomic}

Logging:
Log output configuration:
 #0: stdout all=warning uptime,level,tags
 #1: stderr all=off uptime,level,tags

Environment Variables:
PATH=C:\Program Files (x86)\NVIDIA Corporation\PhysX\Common;C:\VMWARE\bin\;C:\Program Files\Common Files\Oracle\Java\javapath;C:\Program Files (x86)\Common Files\Oracle\Java\javapath;C:\Windows\system32;C:\Windows;C:\Windows\System32\Wbem;C:\Windows\System32\WindowsPowerShell\v1.0\;C:\Windows\System32\OpenSSH\;C:\Program Files\Git\cmd;C:\Program Files\Java\jdk-17;C:\nodejs\;C:\Users\Usuario\AppData\Local\Microsoft\WindowsApps;C:\VSCode\Microsoft VS Code\bin;C:\Users\Usuario\AppData\Local\GitHubDesktop\bin;C:\Program Files\Java\jdk-17;C:\Users\Usuario\AppData\Roaming\npm
USERNAME=Usuario
OS=Windows_NT
PROCESSOR_IDENTIFIER=Intel64 Family 6 Model 78 Stepping 3, GenuineIntel



---------------  S Y S T E M  ---------------

OS:
 Windows 10 , 64 bit Build 19041 (10.0.19041.3636)
OS uptime: 18 days 2:17 hours
Hyper-V role detected

CPU: total 4 (initial active 4) (2 cores per cpu, 2 threads per core) family 6 model 78 stepping 3 microcode 0xe2, cx8, cmov, fxsr, ht, mmx, 3dnowpref, sse, sse2, sse3, ssse3, sse4.1, sse4.2, popcnt, lzcnt, tsc, tscinvbit, avx, avx2, aes, erms, clmul, bmi1, bmi2, rtm, adx, fma, vzeroupper, clflush, clflushopt, hv

Memory: 4k page, system-wide physical 16040M (9737M free)
TotalPageFile size 18472M (AvailPageFile size 10778M)
current process WorkingSet (physical memory assigned to process): 49M, peak: 51M
current process commit charge ("private bytes"): 336M, peak: 339M

vm_info: Java HotSpot(TM) 64-Bit Server VM (17.0.8+9-LTS-211) for windows-amd64 JRE (17.0.8+9-LTS-211), built on Jun 14 2023 10:34:31 by "mach5one" with MS VC++ 17.1 (VS2022)

END.
